build/app/intermediates/aapt_proguard_file/release/aapt_rules.txt
# Referenced at merged_manifests\release\AndroidManifest.xml:45
-keep class androidx.core.app.CoreComponentFactory { <init>(); }
# Referenced at merged_manifests\release\AndroidManifest.xml:80
-keep class com.braintreepayments.api.BraintreeBrowserSwitchActivity { <init>(); }
# Referenced at merged_manifests\release\AndroidManifest.xml:398
-keep class com.braintreepayments.api.GooglePaymentActivity { <init>(); }
# Referenced at merged_manifests\release\AndroidManifest.xml:338
-keep class com.braintreepayments.api.ThreeDSecureActivity { <init>(); }
# Referenced at merged_manifests\release\AndroidManifest.xml:323
-keep class com.braintreepayments.api.dropin.AddCardActivity { <init>(); }
# Referenced at merged_manifests\release\AndroidManifest.xml:320
-keep class com.braintreepayments.api.dropin.DropInActivity { <init>(); }
# Referenced at merged_manifests\release\AndroidManifest.xml:326
-keep class com.braintreepayments.api.dropin.VaultManagerActivity { <init>(); }
# Referenced at merged_manifests\release\AndroidManifest.xml:336
-keep class com.braintreepayments.api.internal.AnalyticsIntentService { <init>(); }
# Referenced at merged_manifests\release\AndroidManifest.xml:401
-keep class com.cardinalcommerce.shared.cs.userinterfaces.ChallengeHTMLView { <init>(); }
# Referenced at merged_manifests\release\AndroidManifest.xml:404
-keep class com.cardinalcommerce.shared.cs.userinterfaces.ChallengeNativeView { <init>(); }
# Referenced at merged_manifests\release\AndroidManifest.xml:361
-keep class com.facebook.CampaignTrackingReceiver { <init>(); }
# Referenced at merged_manifests\release\AndroidManifest.xml:354
-keep class com.facebook.CurrentAccessTokenExpirationBroadcastReceiver { <init>(); }
# Referenced at merged_manifests\release\AndroidManifest.xml:105
-keep class com.facebook.CustomTabActivity { <init>(); }
# Referenced at merged_manifests\release\AndroidManifest.xml:339
-keep class com.facebook.CustomTabMainActivity { <init>(); }
# Referenced at merged_manifests\release\AndroidManifest.xml:100
-keep class com.facebook.FacebookActivity { <init>(); }
# Referenced at merged_manifests\release\AndroidManifest.xml:349
-keep class com.facebook.internal.FacebookInitProvider { <init>(); }
# Referenced at merged_manifests\release\AndroidManifest.xml:207
-keep class com.gettipsi.stripe.OpenBrowserActivity { <init>(); }
# Referenced at merged_manifests\release\AndroidManifest.xml:212
-keep class com.gettipsi.stripe.RedirectUriReceiver { <init>(); }
# Referenced at merged_manifests\release\AndroidManifest.xml:370
-keep class com.google.android.datatransport.runtime.backends.TransportBackendDiscovery { <init>(); }
# Referenced at merged_manifests\release\AndroidManifest.xml:383
-keep class com.google.android.datatransport.runtime.scheduling.jobscheduling.AlarmManagerSchedulerBroadcastReceiver { <init>(); }
# Referenced at merged_manifests\release\AndroidManifest.xml:377
-keep class com.google.android.datatransport.runtime.scheduling.jobscheduling.JobInfoSchedulerService { <init>(); }
# Referenced at merged_manifests\release\AndroidManifest.xml:289
-keep class com.google.android.gms.ads.AdActivity { <init>(); }
# Referenced at merged_manifests\release\AndroidManifest.xml:295
-keep class com.google.android.gms.ads.MobileAdsInitProvider { <init>(); }
# Referenced at merged_manifests\release\AndroidManifest.xml:183
-keep class com.google.android.gms.auth.api.signin.RevocationBoundService { <init>(); }
# Referenced at merged_manifests\release\AndroidManifest.xml:174
-keep class com.google.android.gms.auth.api.signin.internal.SignInHubActivity { <init>(); }
# Referenced at merged_manifests\release\AndroidManifest.xml:254
-keep class com.google.android.gms.common.api.GoogleApiActivity { <init>(); }
# Referenced at merged_manifests\release\AndroidManifest.xml:264
-keep class com.google.android.gms.measurement.AppMeasurementInstallReferrerReceiver { <init>(); }
# Referenced at merged_manifests\release\AndroidManifest.xml:278
-keep class com.google.android.gms.measurement.AppMeasurementJobService { <init>(); }
# Referenced at merged_manifests\release\AndroidManifest.xml:259
-keep class com.google.android.gms.measurement.AppMeasurementReceiver { <init>(); }
# Referenced at merged_manifests\release\AndroidManifest.xml:274
-keep class com.google.android.gms.measurement.AppMeasurementService { <init>(); }
# Referenced at merged_manifests\release\AndroidManifest.xml:167
-keep class com.google.firebase.auth.internal.FederatedSignInActivity { <init>(); }
# Referenced at merged_manifests\release\AndroidManifest.xml:123
-keep class com.google.firebase.components.ComponentDiscoveryService { <init>(); }
# Referenced at merged_manifests\release\AndroidManifest.xml:242
-keep class com.google.firebase.iid.FirebaseInstanceIdReceiver { <init>(); }
# Referenced at merged_manifests\release\AndroidManifest.xml:159
-keep class com.google.firebase.messaging.FirebaseMessagingService { <init>(); }
# Referenced at merged_manifests\release\AndroidManifest.xml:284
-keep class com.google.firebase.provider.FirebaseInitProvider { <init>(); }
# Referenced at merged_manifests\release\AndroidManifest.xml:189
-keep class com.razorpay.CheckoutActivity { <init>(); }
# Referenced at merged_manifests\release\AndroidManifest.xml:392
-keep class com.razorpay.RzpTokenReceiver { <init>(); }
# Referenced at merged_manifests\release\AndroidManifest.xml:329
-keep class com.stripe.android.stripe3ds2.views.ChallengeActivity { <init>(); }
# Referenced at merged_manifests\release\AndroidManifest.xml:332
-keep class com.stripe.android.stripe3ds2.views.ChallengeProgressDialogActivity { <init>(); }
# Referenced at merged_manifests\release\AndroidManifest.xml:305
-keep class com.stripe.android.view.AddPaymentMethodActivity { <init>(); }
# Referenced at merged_manifests\release\AndroidManifest.xml:314
-keep class com.stripe.android.view.PaymentAuthWebViewActivity { <init>(); }
# Referenced at merged_manifests\release\AndroidManifest.xml:311
-keep class com.stripe.android.view.PaymentFlowActivity { <init>(); }
# Referenced at merged_manifests\release\AndroidManifest.xml:308
-keep class com.stripe.android.view.PaymentMethodsActivity { <init>(); }
# Referenced at merged_manifests\release\AndroidManifest.xml:317
-keep class com.stripe.android.view.PaymentRelayActivity { <init>(); }
# Referenced at merged_manifests\release\AndroidManifest.xml:45
-keep class com.tayara.tayaraapp.Application { <init>(); }
# Referenced at merged_manifests\release\AndroidManifest.xml:53
-keep class com.tayara.tayaraapp.MainActivity { <init>(); }
# Referenced at merged_manifests\release\AndroidManifest.xml:387
-keep class io.card.payment.CardIOActivity { <init>(); }
# Referenced at merged_manifests\release\AndroidManifest.xml:390
-keep class io.card.payment.DataEntryActivity { <init>(); }
# Referenced at merged_manifests\release\AndroidManifest.xml:118
-keep class io.flutter.plugins.firebasemessaging.FlutterFirebaseMessagingService { <init>(); }
# Referenced at merged_manifests\release\AndroidManifest.xml:227
-keep class io.flutter.plugins.imagepicker.ImagePickerFileProvider { <init>(); }
# Referenced at merged_manifests\release\AndroidManifest.xml:237
-keep class io.flutter.plugins.urllauncher.WebViewActivity { <init>(); }
# Referenced at res\layout\abc_alert_dialog_button_bar_material.xml:43
# Referenced at res\layout\abc_alert_dialog_material.xml:52
# Referenced at res\layout\abc_alert_dialog_title_material.xml:56
-keep class android.widget.Space { <init>(...); }

# Referenced at res\layout\abc_select_dialog_material.xml:23
-keep class androidx.appcompat.app.AlertController$RecycleListView { <init>(...); }

# Referenced at res\layout\abc_action_menu_item_layout.xml:17
-keep class androidx.appcompat.view.menu.ActionMenuItemView { <init>(...); }

# Referenced at res\layout\abc_expanded_menu_layout.xml:17
-keep class androidx.appcompat.view.menu.ExpandedMenuView { <init>(...); }

# Referenced at res\layout\abc_cascading_menu_item_layout.xml:20
# Referenced at res\layout\abc_list_menu_item_layout.xml:17
# Referenced at res\layout\abc_popup_menu_item_layout.xml:17
-keep class androidx.appcompat.view.menu.ListMenuItemView { <init>(...); }

# Referenced at res\layout\abc_screen_toolbar.xml:27
-keep class androidx.appcompat.widget.ActionBarContainer { <init>(...); }

# Referenced at res\layout\abc_action_mode_bar.xml:19
# Referenced at res\layout\abc_screen_toolbar.xml:43
-keep class androidx.appcompat.widget.ActionBarContextView { <init>(...); }

# Referenced at res\layout\abc_screen_toolbar.xml:17
-keep class androidx.appcompat.widget.ActionBarOverlayLayout { <init>(...); }

# Referenced at res\layout\abc_action_menu_layout.xml:17
-keep class androidx.appcompat.widget.ActionMenuView { <init>(...); }

# Referenced at res\layout\abc_activity_chooser_view.xml:19
-keep class androidx.appcompat.widget.ActivityChooserView$InnerLayout { <init>(...); }

# Referenced at res\layout\abc_alert_dialog_material.xml:18
-keep class androidx.appcompat.widget.AlertDialogLayout { <init>(...); }

# Referenced at res\layout\add_payment_method_card_row.xml:16
# Referenced at res\layout\add_payment_method_fpx_row.xml:16
# Referenced at res\layout\com_facebook_device_auth_dialog_fragment.xml:45
# Referenced at res\layout\com_facebook_smart_device_dialog_fragment.xml:47
# Referenced at res\layout\fpx_bank.xml:10
# Referenced at res\layout\masked_card_view.xml:4
# Referenced at res\layout\shipping_method_view.xml:43
-keep class androidx.appcompat.widget.AppCompatImageView { <init>(...); }

# Referenced at res\layout\challenge_zone_view.xml:68
-keep class androidx.appcompat.widget.AppCompatRadioButton { <init>(...); }

# Referenced at res\layout\add_payment_method_card_row.xml:26
# Referenced at res\layout\add_payment_method_fpx_row.xml:26
# Referenced at res\layout\fpx_bank.xml:17
# Referenced at res\layout\masked_card_view.xml:12
-keep class androidx.appcompat.widget.AppCompatTextView { <init>(...); }

# Referenced at res\layout\abc_alert_dialog_button_bar_material.xml:26
-keep class androidx.appcompat.widget.ButtonBarLayout { <init>(...); }

# Referenced at res\layout\abc_screen_content_include.xml:19
-keep class androidx.appcompat.widget.ContentFrameLayout { <init>(...); }

# Referenced at res\layout\abc_alert_dialog_title_material.xml:45
-keep class androidx.appcompat.widget.DialogTitle { <init>(...); }

# Referenced at res\layout\abc_screen_simple_overlay_action_mode.xml:23
-keep class androidx.appcompat.widget.FitWindowsFrameLayout { <init>(...); }

# Referenced at res\layout\abc_dialog_title_material.xml:22
# Referenced at res\layout\abc_screen_simple.xml:17
-keep class androidx.appcompat.widget.FitWindowsLinearLayout { <init>(...); }

# Referenced at res\layout\abc_search_view.xml:75
-keep class androidx.appcompat.widget.SearchView$SearchAutoComplete { <init>(...); }

# Referenced at res\layout\abc_screen_toolbar.xml:36
# Referenced at res\layout\activity_payment_methods.xml:9
# Referenced at res\layout\bt_add_card_activity.xml:8
# Referenced at res\layout\challenge_toolbar_cf.xml:7
# Referenced at res\layout\payment_auth_web_view_layout.xml:7
-keep class androidx.appcompat.widget.Toolbar { <init>(...); }

# Referenced at res\layout\abc_screen_simple.xml:25
# Referenced at res\layout\abc_screen_simple_overlay_action_mode.xml:32
-keep class androidx.appcompat.widget.ViewStubCompat { <init>(...); }

# Referenced at res\layout\browser_actions_context_menu_page.xml:5
-keep class androidx.browser.browseractions.BrowserActionsFallbackMenuView { <init>(...); }

# Referenced at res\layout\bt_vaulted_payment_method_card.xml:2
# Referenced at res\layout\com_facebook_device_auth_dialog_fragment.xml:22
# Referenced at res\layout\com_facebook_smart_device_dialog_fragment.xml:22
-keep class androidx.cardview.widget.CardView { <init>(...); }

# Referenced at res\layout\design_bottom_sheet_dialog.xml:26
-keep class androidx.coordinatorlayout.widget.CoordinatorLayout { <init>(...); }

# Referenced at release\layout\activity_stripe.xml:25
-keep class androidx.core.widget.ContentLoadingProgressBar { <init>(...); }

# Referenced at res\layout\abc_alert_dialog_material.xml:41
-keep class androidx.core.widget.NestedScrollView { <init>(...); }

# Referenced at res\layout\activity_payment_methods.xml:29
# Referenced at res\layout\add_payment_method_fpx_layout.xml:7
# Referenced at res\layout\bt_drop_in_activity.xml:90
# Referenced at res\layout\bt_vault_management_activity.xml:42
# Referenced at res\layout\select_shipping_method_widget.xml:7
-keep class androidx.recyclerview.widget.RecyclerView { <init>(...); }

# Referenced at res\layout\activity_shipping_flow.xml:7
-keep class androidx.viewpager.widget.ViewPager { <init>(...); }

# Referenced at res\layout\bt_add_card_activity.xml:43
-keep class com.braintreepayments.api.dropin.view.AddCardView { <init>(...); }

# Referenced at res\layout\bt_add_card.xml:21
# Referenced at res\layout\bt_edit_card.xml:10
# Referenced at res\layout\bt_enrollment_card.xml:42
-keep class com.braintreepayments.api.dropin.view.AnimatedButtonView { <init>(...); }

# Referenced at res\layout\bt_add_card_activity.xml:50
-keep class com.braintreepayments.api.dropin.view.EditCardView { <init>(...); }

# Referenced at res\layout\bt_add_card_activity.xml:57
-keep class com.braintreepayments.api.dropin.view.EnrollmentCardView { <init>(...); }

# Referenced at res\layout\bt_card_form_fields.xml:48
-keep class com.braintreepayments.cardform.view.CardEditText { <init>(...); }

# Referenced at res\layout\bt_add_card.xml:6
# Referenced at res\layout\bt_edit_card.xml:5
-keep class com.braintreepayments.cardform.view.CardForm { <init>(...); }

# Referenced at res\layout\bt_card_form_fields.xml:23
-keep class com.braintreepayments.cardform.view.CardholderNameEditText { <init>(...); }

# Referenced at res\layout\bt_card_form_fields.xml:140
-keep class com.braintreepayments.cardform.view.CountryCodeEditText { <init>(...); }

# Referenced at res\layout\bt_card_form_fields.xml:86
-keep class com.braintreepayments.cardform.view.CvvEditText { <init>(...); }

# Referenced at res\layout\bt_enrollment_card.xml:22
-keep class com.braintreepayments.cardform.view.ErrorEditText { <init>(...); }

# Referenced at res\layout\bt_card_form_fields.xml:73
-keep class com.braintreepayments.cardform.view.ExpirationDateEditText { <init>(...); }

# Referenced at res\layout\bt_card_form_fields.xml:180
-keep class com.braintreepayments.cardform.view.InitialValueCheckBox { <init>(...); }

# Referenced at res\layout\bt_card_form_fields.xml:153
-keep class com.braintreepayments.cardform.view.MobileNumberEditText { <init>(...); }

# Referenced at res\layout\bt_card_form_fields.xml:112
-keep class com.braintreepayments.cardform.view.PostalCodeEditText { <init>(...); }

# Referenced at res\layout\bt_add_card.xml:11
-keep class com.braintreepayments.cardform.view.SupportedCardTypesView { <init>(...); }

# Referenced at res\layout\design_bottom_navigation_item.xml:27
-keep class com.google.android.material.internal.BaselineLayout { <init>(...); }

# Referenced at res\layout\design_text_input_password_icon.xml:18
-keep class com.google.android.material.internal.CheckableImageButton { <init>(...); }

# Referenced at res\layout\design_navigation_item.xml:17
-keep class com.google.android.material.internal.NavigationMenuItemView { <init>(...); }

# Referenced at res\layout\design_navigation_menu.xml:17
-keep class com.google.android.material.internal.NavigationMenuView { <init>(...); }

# Referenced at res\layout\design_layout_snackbar.xml:18
# Referenced at res\layout\mtrl_layout_snackbar.xml:18
-keep class com.google.android.material.snackbar.Snackbar$SnackbarLayout { <init>(...); }

# Referenced at res\layout\design_layout_snackbar_include.xml:18
# Referenced at res\layout\mtrl_layout_snackbar_include.xml:18
-keep class com.google.android.material.snackbar.SnackbarContentLayout { <init>(...); }

# Referenced at res\layout\challenge_zone_text_view.xml:10
-keep class com.google.android.material.textfield.TextInputEditText { <init>(...); }

# Referenced at res\layout\add_address_widget.xml:12
# Referenced at res\layout\bt_card_form_fields.xml:15
# Referenced at res\layout\bt_enrollment_card.xml:14
# Referenced at res\layout\card_multiline_widget.xml:38
# Referenced at res\layout\challenge_zone_text_view.xml:3
# Referenced at res\layout\country_autocomplete_textview.xml:7
-keep class com.google.android.material.textfield.TextInputLayout { <init>(...); }

# Referenced at res\layout\rzp_loader.xml:20
-keep class com.razorpay.CircularProgressView { <init>(...); }

# Referenced at res\layout\challenge_activity.xml:11
-keep class com.stripe.android.stripe3ds2.views.BrandZoneView { <init>(...); }

# Referenced at res\layout\challenge_activity.xml:20
-keep class com.stripe.android.stripe3ds2.views.ChallengeZoneView { <init>(...); }

# Referenced at res\layout\challenge_activity.xml:29
-keep class com.stripe.android.stripe3ds2.views.InformationZoneView { <init>(...); }

# Referenced at res\layout\challenge_zone_view.xml:32
-keep class com.stripe.android.stripe3ds2.views.ThreeDS2Button { <init>(...); }

# Referenced at res\layout\challenge_zone_view.xml:9
-keep class com.stripe.android.stripe3ds2.views.ThreeDS2HeaderTextView { <init>(...); }

# Referenced at res\layout\challenge_zone_multi_select_view.xml:8
# Referenced at res\layout\challenge_zone_single_select_view.xml:8
# Referenced at res\layout\challenge_zone_view.xml:17
# Referenced at res\layout\information_zone_view.xml:16
-keep class com.stripe.android.stripe3ds2.views.ThreeDS2TextView { <init>(...); }

# Referenced at res\layout\challenge_zone_web_view.xml:6
-keep class com.stripe.android.stripe3ds2.views.ThreeDS2WebView { <init>(...); }

# Referenced at release\layout\activity_stripe.xml:14
# Referenced at res\layout\add_payment_method_card_layout.xml:3
-keep class com.stripe.android.view.CardMultilineWidget { <init>(...); }

# Referenced at res\layout\card_input_widget.xml:56
# Referenced at res\layout\card_multiline_widget.xml:14
-keep class com.stripe.android.view.CardNumberEditText { <init>(...); }

# Referenced at res\layout\add_address_widget.xml:7
-keep class com.stripe.android.view.CountryAutoCompleteTextView { <init>(...); }

# Referenced at res\layout\card_input_widget.xml:77
# Referenced at res\layout\card_multiline_widget.xml:47
-keep class com.stripe.android.view.ExpiryDateEditText { <init>(...); }

# Referenced at res\layout\card_multiline_widget.xml:6
-keep class com.stripe.android.view.IconTextInputLayout { <init>(...); }

# Referenced at res\layout\masked_card_row.xml:10
-keep class com.stripe.android.view.MaskedCardView { <init>(...); }

# Referenced at res\layout\payment_auth_web_view_layout.xml:16
-keep class com.stripe.android.view.PaymentAuthWebView { <init>(...); }

# Referenced at res\layout\activity_select_shipping_method.xml:8
-keep class com.stripe.android.view.SelectShippingMethodWidget { <init>(...); }

# Referenced at res\layout\activity_enter_shipping_info.xml:8
-keep class com.stripe.android.view.ShippingInfoWidget { <init>(...); }

# Referenced at res\layout\add_address_widget.xml:19
# Referenced at res\layout\card_input_widget.xml:102
# Referenced at res\layout\card_multiline_widget.xml:68
-keep class com.stripe.android.view.StripeEditText { <init>(...); }

# Referenced at res\layout\bt_drop_in_activity.xml:2
-keepclassmembers class * { *** onBackgroundClicked(android.view.View); }

# Referenced at res\layout\challege_footer.xml:46
-keepclassmembers class * { *** onHelpInfoLabel(android.view.View); }

# Referenced at res\layout\bt_drop_in_activity.xml:63
-keepclassmembers class * { *** onVaultEditButtonClick(android.view.View); }

# Referenced at res\layout\challege_footer.xml:21
-keepclassmembers class * { *** onWhyInfoLabel(android.view.View); }