build/app/outputs/mapping/release/seeds.txt
com.tayara.tayaraapp.Application: Application()
com.tayara.tayaraapp.Application
com.tayara.tayaraapp.MainActivity: MainActivity()
com.tayara.tayaraapp.MainActivity
...
androidx.appcompat.R$styleable: int AppCompatTheme_checkedTextViewStyle
androidx.appcompat.R$color: int secondary_text_default_material_dark
com.google.android.material.R$styleable: int TextAppearance_android_fontFamily
org.bouncycastle.jcajce.provider.asymmetric.ec.SignatureSpi$ecDSARipeMD160
com.google.android.gms.internal.ads.zzaze
com.facebook.common.R$style: int Base_Widget_AppCompat_Toolbar_Button_Navigation
org.bouncycastle.jcajce.provider.symmetric.RC2$AlgParams: byte[] iv
com.stripe.android.R$attr: int seekBarStyle
com.cardinalcommerce.cardinalmobilesdk.R$id: int async
de.jonasbark.stripepayment.R$style: int ThemeOverlay_AppCompat
com.stripe.android.R$drawable: int abc_text_select_handle_left_mtrl_light
com.braintreepayments.api.dropin.R$styleable: int BottomAppBar_fabCradleRoundedCornerRadius
androidx.appcompat.R$layout: int abc_action_menu_item_layout
com.stripe.android.stripe3ds2.R$color: int abc_tint_switch_track
com.stripe.android.R$styleable: int AlertDialog_buttonIconDimen
com.stripe.android.stripe3ds2.R$style: int RtlOverlay_Widget_AppCompat_Search_DropDown_Icon2
org.bouncycastle.jcajce.provider.symmetric.RC2$PBEWithSHAAnd128BitKeyFactory
org.bouncycastle.jcajce.provider.symmetric.ARIA$AlgParamGen
org.bouncycastle.jce.provider.BouncyCastleProviderConfiguration: java.security.Permission BC_ADDITIONAL_EC_CURVE_PERMISSION
androidx.appcompat.R$style: int TextAppearance_AppCompat_Inverse
com.stripe.android.stripe3ds2.R$string: int abc_action_mode_done
org.bouncycastle.jcajce.provider.asymmetric.util.BaseAgreementSpi: int getKeySize(java.lang.String)
com.braintreepayments.api.googlepayment.R$style: int Base_TextAppearance_AppCompat_Widget_Button
de.jonasbark.stripepayment.R$layout: int menu_text_view
org.bouncycastle.jcajce.provider.symmetric.Twofish$AlgParams: Twofish$AlgParams()
org.bouncycastle.jcajce.provider.symmetric.RC6$Mappings
io.github.ponnamkarthik.toast.fluttertoast.R$layout: int notification_template_part_time
org.bouncycastle.jcajce.provider.symmetric.IDEA: IDEA()
com.braintreepayments.api.dropin.R$id: int wide
com.stripe.android.R$attr: int radioButtonStyle
com.cardinalcommerce.cardinalmobilesdk.R$id: int line1
androidx.appcompat.R$styleable: int ActionBar_progressBarStyle
com.stripe.android.R$layout: int abc_list_menu_item_checkbox
com.google.android.material.R$styleable: int TextAppearance_android_typeface
com.stripe.android.R$attr: int icon
org.bouncycastle.jce.provider.X509CertificateObject: org.bouncycastle.asn1.x509.BasicConstraints basicConstraints
com.stripe.android.R$attr: int pressedTranslationZ
com.stripe.android.R$id: int chronometer
com.braintreepayments.api.dropin.R$style: int Animation_AppCompat_Dialog
com.google.android.material.bottomappbar.BottomAppBar
androidx.transition.R$id: int notification_main_column
com.google.android.material.R$style: int TextAppearance_Design_Snackbar_Message
androidx.appcompat.widget.LinearLayoutCompat: void setShowDividers(int)
androidx.appcompat.R$styleable: int GradientColor_android_type
com.google.android.material.R$styleable: int MaterialButton_rippleColor
com.google.android.material.R$style: int Base_TextAppearance_AppCompat_Large_Inverse
com.stripe.android.R$styleable: int GradientColorItem_android_color
io.flutter.embedding.engine.FlutterJNI: void nativeSurfaceWindowChanged(long,android.view.Surface)
com.stripe.android.view.AddPaymentMethodFpxView: com.stripe.android.model.PaymentMethodCreateParams getCreateParams()
org.bouncycastle.jcajce.provider.asymmetric.rsa.X931SignatureSpi$SHA512_224WithRSAEncryption: X931SignatureSpi$SHA512_224WithRSAEncryption()
com.razorpay.R$id: int search_mag_icon
androidx.appcompat.R$layout: int select_dialog_singlechoice_material
com.google.android.material.R$attr: int fontFamily
com.google.android.gms.internal.ads.zzazi: int zzdlw
com.braintreepayments.api.googlepayment.R$style: int TextAppearance_Compat_Notification_Media
com.facebook.common.R$id: int titleDividerNoCustom