build/app/outputs/mapping/release/usage.txt
com.tayara.tayaraapp.R$anim
com.tayara.tayaraapp.R$style
com.tayara.tayaraapp.R$mipmap
com.tayara.tayaraapp.R$raw
com.tayara.tayaraapp.R$styleable
com.tayara.tayaraapp.R$attr
com.tayara.tayaraapp.R$bool
com.tayara.tayaraapp.R$color
com.tayara.tayaraapp.BuildConfig
com.tayara.tayaraapp.R$drawable
com.tayara.tayaraapp.R
com.tayara.tayaraapp.R$animator
com.tayara.tayaraapp.R$dimen
com.tayara.tayaraapp.R$integer
com.tayara.tayaraapp.R$menu
com.tayara.tayaraapp.R$interpolator
com.tayara.tayaraapp.R$layout
com.tayara.tayaraapp.R$string
com.tayara.tayaraapp.R$xml
com.tayara.tayaraapp.R$id
...
androidx.core.text.util.FindAddress$ZipRange
kotlin.reflect.KVariance
com.google.android.gms.internal.ads.zzaly:
    public boolean zza(android.app.DownloadManager$Request)
kotlin.sequences.SequencesKt__SequencesKt$Sequence$1
com.google.android.datatransport.TransportFactory:
    public abstract com.google.android.datatransport.Transport getTransport(java.lang.String,java.lang.Class,com.google.android.datatransport.Transformer)
androidx.media.MediaBrowserServiceCompatApi26
com.google.common.collect.LinkedListMultimap$KeyList
com.google.android.gms.auth.api.signin.GoogleSignInResult:
    public boolean isSuccess()
com.google.firebase.auth.api.internal.zzdy
org.bouncycastle.crypto.params.Argon2Parameters$Builder
com.stripe.android.stripe3ds2.init.Warning$Severity
com.facebook.ShareGraphRequest$1
com.google.android.datatransport.runtime.scheduling.jobscheduling.SchedulerConfig:
    public java.util.Set getFlags(com.google.android.datatransport.Priority)
    private static final long TWENTY_FOUR_HOURS
    private static final long THIRTY_SECONDS
    private static final long ONE_SECOND
kotlin.text.StringsKt__IndentKt$getIndentFunction$2
io.flutter.embedding.engine.plugins.activity.ActivityPluginBinding
com.facebook.FacebookOperationCanceledException:
    public void <init>(java.lang.String,java.lang.Throwable)
    public void <init>(java.lang.Throwable)
    static final long serialVersionUID
com.google.android.gms.internal.auth.zzy
com.google.common.math.Quantiles$ScaleAndIndex
com.google.android.gms.common.util.SharedPreferencesUtils:
    private void <init>()
com.google.common.primitives.Doubles
com.google.android.gms.maps.GoogleMap$zza
com.google.common.collect.ImmutableMapKeySet$KeySetSerializedForm
com.google.android.exoplayer2.upstream.cache.CacheDataSink$CacheDataSinkException
com.google.android.exoplayer2.upstream.DefaultLoadErrorHandlingPolicy:
    public static final int DEFAULT_MIN_LOADABLE_RETRY_COUNT
    public static final int DEFAULT_MIN_LOADABLE_RETRY_COUNT_PROGRESSIVE_LIVE
    public static final long DEFAULT_TRACK_BLACKLIST_MS
    private static final int DEFAULT_BEHAVIOR_MIN_LOADABLE_RETRY_COUNT
io.flutter.plugins.googlesignin.R$attr
net.minidev.json.writer.CollectionMapper$MapClass
com.google.android.material.shape.MaterialShapeDrawable:
    public void <init>()
    public void <init>(com.google.android.material.shape.ShapePathModel)
    private static int modulateAlpha(int,int)
    private void setCornerPathAndTransform(int,int,int)
    private void setEdgeTransform(int,int,int)
    private void appendCornerPath(int,android.graphics.Path)
    private void appendEdgePath(int,android.graphics.Path)
    private com.google.android.material.shape.CornerTreatment getCornerTreatmentForIndex(int)
    private com.google.android.material.shape.EdgeTreatment getEdgeTreatmentForIndex(int)
    private void getCoordinatesOfCorner(int,int,int,android.graphics.PointF)
    private float angleOfCorner(int,int,int)
    private float angleOfEdge(int,int,int)
    private void getPath(int,int,android.graphics.Path)
    private void updateTintFilter()
    public com.google.android.material.shape.ShapePathModel getShapedViewModel()
    public void setShapedViewModel(com.google.android.material.shape.ShapePathModel)
    public void setTintList(android.content.res.ColorStateList)
    public void setTintMode(android.graphics.PorterDuff$Mode)
    public void setTint(int)
    public int getOpacity()
    public void setAlpha(int)
    public void setColorFilter(android.graphics.ColorFilter)
    public android.graphics.Region getTransparentRegion()
    public boolean isPointInTransparentRegion(int,int)
    public boolean isShadowEnabled()
    public void setShadowEnabled(boolean)
org.bouncycastle.crypto.agreement.jpake.JPAKEPrimeOrderGroups
com.google.common.collect.Maps$FilteredKeyMap
com.google.common.util.concurrent.CombinedFuture$CallableInterruptibleTask
com.google.android.exoplayer2.upstream.cache.CacheUtil